This is pdfTeX, Version 3.14159265-2.6-1.40.19 (TeX Live 2018) (preloaded format=pdflatex 2019.3.25)  5 FEB 2020 19:07
entering extended mode
 restricted \write18 enabled.
 file:line:error style messages enabled.
 %&-line parsing enabled.
**thesis.tex
(./thesis.tex
LaTeX2e <2018-04-01> patch level 2
Babel <3.18> and hyphenation patterns for 84 language(s) loaded.
(/usr/local/texlive/2018/texmf-dist/tex/latex/base/book.cls
Document Class: book 2014/09/29 v1.4h Standard LaTeX document class
(/usr/local/texlive/2018/texmf-dist/tex/latex/base/bk11.clo
File: bk11.clo 2014/09/29 v1.4h Standard LaTeX file (size option)
)
\c@part=\count80
\c@chapter=\count81
\c@section=\count82
\c@subsection=\count83
\c@subsubsection=\count84
\c@paragraph=\count85
\c@subparagraph=\count86
\c@figure=\count87
\c@table=\count88
\abovecaptionskip=\skip41
\belowcaptionskip=\skip42
\bibindent=\dimen102
)
(/usr/local/texlive/2018/texmf-dist/tex/latex/caption/caption.sty
Package: caption 2016/02/21 v3.3-144 Customizing captions (AR)

(/usr/local/texlive/2018/texmf-dist/tex/latex/caption/caption3.sty
Package: caption3 2016/05/22 v1.7-166 caption3 kernel (AR)
Package caption3 Info: TeX engine: e-TeX on input line 67.

(/usr/local/texlive/2018/texmf-dist/tex/latex/graphics/keyval.sty
Package: keyval 2014/10/28 v1.15 key=value parser (DPC)
\KV@toks@=\toks14
)
\captionmargin=\dimen103
\captionmargin@=\dimen104
\captionwidth=\dimen105
\caption@tempdima=\dimen106
\caption@indent=\dimen107
\caption@parindent=\dimen108
\caption@hangindent=\dimen109
)
\c@ContinuedFloat=\count89
)
(/usr/local/texlive/2018/texmf-dist/tex/latex/graphics/graphicx.sty
Package: graphicx 2017/06/01 v1.1a Enhanced LaTeX Graphics (DPC,SPQR)

(/usr/local/texlive/2018/texmf-dist/tex/latex/graphics/graphics.sty
Package: graphics 2017/06/25 v1.2c Standard LaTeX Graphics (DPC,SPQR)

(/usr/local/texlive/2018/texmf-dist/tex/latex/graphics/trig.sty
Package: trig 2016/01/03 v1.10 sin cos tan (DPC)
)
(/usr/local/texlive/2018/texmf-dist/tex/latex/graphics-cfg/graphics.cfg
File: graphics.cfg 2016/06/04 v1.11 sample graphics configuration
)
Package graphics Info: Driver file: pdftex.def on input line 99.

(/usr/local/texlive/2018/texmf-dist/tex/latex/graphics-def/pdftex.def
File: pdftex.def 2018/01/08 v1.0l Graphics/color driver for pdftex
))
\Gin@req@height=\dimen110
\Gin@req@width=\dimen111
)
(/usr/local/texlive/2018/texmf-dist/tex/latex/float/float.sty
Package: float 2001/11/08 v1.3d Float enhancements (AL)
\c@float@type=\count90
\float@exts=\toks15
\float@box=\box26
\@float@everytoks=\toks16
\@floatcapt=\box27
)
(/usr/local/texlive/2018/texmf-dist/tex/latex/tools/indentfirst.sty
Package: indentfirst 1995/11/23 v1.03 Indent first paragraph (DPC)
)
(/usr/local/texlive/2018/texmf-dist/tex/latex/geometry/geometry.sty
Package: geometry 2018/03/24 v5.7 Page Geometry

(/usr/local/texlive/2018/texmf-dist/tex/generic/oberdiek/ifpdf.sty
Package: ifpdf 2017/03/15 v3.2 Provides the ifpdf switch
)
(/usr/local/texlive/2018/texmf-dist/tex/generic/oberdiek/ifvtex.sty
Package: ifvtex 2016/05/16 v1.6 Detect VTeX and its facilities (HO)
Package ifvtex Info: VTeX not detected.
)
(/usr/local/texlive/2018/texmf-dist/tex/generic/ifxetex/ifxetex.sty
Package: ifxetex 2010/09/12 v0.6 Provides ifxetex conditional
)
\Gm@cnth=\count91
\Gm@cntv=\count92
\c@Gm@tempcnt=\count93
\Gm@bindingoffset=\dimen112
\Gm@wd@mp=\dimen113
\Gm@odd@mp=\dimen114
\Gm@even@mp=\dimen115
\Gm@layoutwidth=\dimen116
\Gm@layoutheight=\dimen117
\Gm@layouthoffset=\dimen118
\Gm@layoutvoffset=\dimen119
\Gm@dimlist=\toks17
)
(/usr/local/texlive/2018/texmf-dist/tex/latex/amsfonts/amssymb.sty
Package: amssymb 2013/01/14 v3.01 AMS font symbols

(/usr/local/texlive/2018/texmf-dist/tex/latex/amsfonts/amsfonts.sty
Package: amsfonts 2013/01/14 v3.01 Basic AMSFonts support
\@emptytoks=\toks18
\symAMSa=\mathgroup4
\symAMSb=\mathgroup5
LaTeX Font Info:    Overwriting math alphabet `\mathfrak' in version `bold'
(Font)                  U/euf/m/n --> U/euf/b/n on input line 106.
))
(/usr/local/texlive/2018/texmf-dist/tex/latex/enumitem/enumitem.sty
Package: enumitem 2011/09/28 v3.5.2 Customized lists
\labelindent=\skip43
\enit@outerparindent=\dimen120
\enit@toks=\toks19
\enit@inbox=\box28
\enitdp@description=\count94
)
(/usr/local/texlive/2018/texmf-dist/tex/latex/setspace/setspace.sty
Package: setspace 2011/12/19 v6.7a set line spacing
)
(./thesis.aux)
\openout1 = `thesis.aux'.

LaTeX Font Info:    Checking defaults for OML/cmm/m/it on input line 14.
LaTeX Font Info:    ... okay on input line 14.
LaTeX Font Info:    Checking defaults for T1/cmr/m/n on input line 14.
LaTeX Font Info:    ... okay on input line 14.
LaTeX Font Info:    Checking defaults for OT1/cmr/m/n on input line 14.
LaTeX Font Info:    ... okay on input line 14.
LaTeX Font Info:    Checking defaults for OMS/cmsy/m/n on input line 14.
LaTeX Font Info:    ... okay on input line 14.
LaTeX Font Info:    Checking defaults for OMX/cmex/m/n on input line 14.
LaTeX Font Info:    ... okay on input line 14.
LaTeX Font Info:    Checking defaults for U/cmr/m/n on input line 14.
LaTeX Font Info:    ... okay on input line 14.
Package caption Info: Begin \AtBeginDocument code.
Package caption Info: float package is loaded.
Package caption Info: End \AtBeginDocument code.

(/usr/local/texlive/2018/texmf-dist/tex/context/base/mkii/supp-pdf.mkii
[Loading MPS to PDF converter (version 2006.09.02).]
\scratchcounter=\count95
\scratchdimen=\dimen121
\scratchbox=\box29
\nofMPsegments=\count96
\nofMParguments=\count97
\everyMPshowfont=\toks20
\MPscratchCnt=\count98
\MPscratchDim=\dimen122
\MPnumerator=\count99
\makeMPintoPDFobject=\count100
\everyMPtoPDFconversion=\toks21
) (/usr/local/texlive/2018/texmf-dist/tex/latex/oberdiek/epstopdf-base.sty
Package: epstopdf-base 2016/05/15 v2.6 Base part for package epstopdf

(/usr/local/texlive/2018/texmf-dist/tex/generic/oberdiek/infwarerr.sty
Package: infwarerr 2016/05/16 v1.4 Providing info/warning/error messages (HO)
)
(/usr/local/texlive/2018/texmf-dist/tex/latex/oberdiek/grfext.sty
Package: grfext 2016/05/16 v1.2 Manage graphics extensions (HO)

(/usr/local/texlive/2018/texmf-dist/tex/generic/oberdiek/kvdefinekeys.sty
Package: kvdefinekeys 2016/05/16 v1.4 Define keys (HO)

(/usr/local/texlive/2018/texmf-dist/tex/generic/oberdiek/ltxcmds.sty
Package: ltxcmds 2016/05/16 v1.23 LaTeX kernel commands for general use (HO)
)))
(/usr/local/texlive/2018/texmf-dist/tex/latex/oberdiek/kvoptions.sty
Package: kvoptions 2016/05/16 v3.12 Key value format for package options (HO)

(/usr/local/texlive/2018/texmf-dist/tex/generic/oberdiek/kvsetkeys.sty
Package: kvsetkeys 2016/05/16 v1.17 Key value parser (HO)

(/usr/local/texlive/2018/texmf-dist/tex/generic/oberdiek/etexcmds.sty
Package: etexcmds 2016/05/16 v1.6 Avoid name clashes with e-TeX commands (HO)

(/usr/local/texlive/2018/texmf-dist/tex/generic/oberdiek/ifluatex.sty
Package: ifluatex 2016/05/16 v1.4 Provides the ifluatex switch (HO)
Package ifluatex Info: LuaTeX not detected.
)
Package etexcmds Info: Could not find \expanded.
(etexcmds)             That can mean that you are not using pdfTeX 1.50 or
(etexcmds)             that some package has redefined \expanded.
(etexcmds)             In the latter case, load this package earlier.
)))
(/usr/local/texlive/2018/texmf-dist/tex/generic/oberdiek/pdftexcmds.sty
Package: pdftexcmds 2018/01/30 v0.27 Utility functions of pdfTeX for LuaTeX (HO
)
Package pdftexcmds Info: LuaTeX not detected.
Package pdftexcmds Info: \pdf@primitive is available.
Package pdftexcmds Info: \pdf@ifprimitive is available.
Package pdftexcmds Info: \pdfdraftmode found.
)
Package epstopdf-base Info: Redefining graphics rule for `.eps' on input line 4
38.
Package grfext Info: Graphics extension search list:
(grfext)             [.pdf,.png,.jpg,.mps,.jpeg,.jbig2,.jb2,.PDF,.PNG,.JPG,.JPE
G,.JBIG2,.JB2,.eps]
(grfext)             \AppendGraphicsExtensions on input line 456.

(/usr/local/texlive/2018/texmf-dist/tex/latex/latexconfig/epstopdf-sys.cfg
File: epstopdf-sys.cfg 2010/07/13 v1.3 Configuration of (r)epstopdf for TeX Liv
e
))
*geometry* driver: auto-detecting
*geometry* detected driver: pdftex
*geometry* verbose mode - [ preamble ] result:
* driver: pdftex
* paper: <default>
* layout: <same size as paper>
* layoutoffset:(h,v)=(0.0pt,0.0pt)
* modes: twoside 
* h-part:(L,W,R)=(72.26999pt, 469.75502pt, 72.26999pt)
* v-part:(T,H,B)=(72.26999pt, 650.43001pt, 72.26999pt)
* \paperwidth=614.295pt
* \paperheight=794.96999pt
* \textwidth=469.75502pt
* \textheight=650.43001pt
* \oddsidemargin=0.0pt
* \evensidemargin=0.0pt
* \topmargin=-31.8738pt
* \headheight=12.0pt
* \headsep=19.8738pt
* \topskip=11.0pt
* \footskip=27.46295pt
* \marginparwidth=116.0pt
* \marginparsep=7.0pt
* \columnsep=10.0pt
* \skip\footins=10.0pt plus 4.0pt minus 2.0pt
* \hoffset=0.0pt
* \voffset=0.0pt
* \mag=1000
* \@twocolumnfalse
* \@twosidetrue
* \@mparswitchtrue
* \@reversemarginfalse
* (1in=72.27pt=25.4mm, 1cm=28.453pt)

LaTeX Font Info:    Try loading font information for U+msa on input line 21.
(/usr/local/texlive/2018/texmf-dist/tex/latex/amsfonts/umsa.fd
File: umsa.fd 2013/01/14 v3.01 AMS symbols A
)
LaTeX Font Info:    Try loading font information for U+msb on input line 21.

(/usr/local/texlive/2018/texmf-dist/tex/latex/amsfonts/umsb.fd
File: umsb.fd 2013/01/14 v3.01 AMS symbols B
) [1


{/usr/local/texlive/2018/texmf-var/fonts/map/pdftex/updmap/pdftex.map}] [2

] (./thesis.toc
Underfull \vbox (badness 2772) has occurred while \output is active []

 [3])
\tf@toc=\write3
\openout3 = `thesis.toc'.


Underfull \vbox (badness 10000) has occurred while \output is active []

 [4]
Chapter 1.
[5

] [6

]
Chapter 2.
[7] [8

]
Chapter 3.

LaTeX Warning: Command \textendash invalid in math mode on input line 38.


LaTeX Warning: Command \textendash invalid in math mode on input line 39.


LaTeX Warning: Command \textendash invalid in math mode on input line 40.


LaTeX Warning: Command \textendash invalid in math mode on input line 44.


LaTeX Warning: Command \textendash invalid in math mode on input line 45.


LaTeX Warning: Command \textendash invalid in math mode on input line 46.

<transport_encapsulation.png, id=34, 1719.42375pt x 605.26125pt>
File: transport_encapsulation.png Graphic file (type png)
<use transport_encapsulation.png>
Package pdftex.def Info: transport_encapsulation.png  used on input line 56.
(pdftex.def)             Requested size: 283.69267pt x 99.86378pt.
[9]
Underfull \hbox (badness 10000) in paragraph at lines 59--60

 []

<tunnel_encapsulation.png, id=39, 1704.3675pt x 695.59875pt>
File: tunnel_encapsulation.png Graphic file (type png)
<use tunnel_encapsulation.png>
Package pdftex.def Info: tunnel_encapsulation.png  used on input line 65.
(pdftex.def)             Requested size: 281.2085pt x 114.76884pt.
<ah_fields.png, id=40, 1990.43625pt x 695.59875pt>
File: ah_fields.png Graphic file (type png)
<use ah_fields.png>
Package pdftex.def Info: ah_fields.png  used on input line 76.
(pdftex.def)             Requested size: 348.33156pt x 121.7316pt.
[10 <./transport_encapsulation.png> <./tunnel_encapsulation.png>]

LaTeX Warning: Command \textendash invalid in math mode on input line 82.


LaTeX Warning: Command \textendash invalid in math mode on input line 83.


LaTeX Warning: Command \textendash invalid in math mode on input line 84.


LaTeX Warning: Command \textendash invalid in math mode on input line 85.


LaTeX Warning: Command \textendash invalid in math mode on input line 86.


LaTeX Warning: Command \textendash invalid in math mode on input line 87.


LaTeX Warning: Command \textendash invalid in math mode on input line 88.

[11 <./ah_fields.png>]
<ah-transport.png, id=50, 1415.2875pt x 487.8225pt>
File: ah-transport.png Graphic file (type png)
<use ah-transport.png>
Package pdftex.def Info: ah-transport.png  used on input line 96.
(pdftex.def)             Requested size: 240.59569pt x 82.92873pt.
<ah-tunnel.png, id=51, 1776.6375pt x 487.8225pt>
File: ah-tunnel.png Graphic file (type png)
<use ah-tunnel.png>
Package pdftex.def Info: ah-tunnel.png  used on input line 101.
(pdftex.def)             Requested size: 302.02438pt x 82.92873pt.
<esp_header.png, id=52, 2502.34875pt x 1056.94875pt>
File: esp_header.png Graphic file (type png)
<use esp_header.png>
Package pdftex.def Info: esp_header.png  used on input line 111.
(pdftex.def)             Requested size: 412.86974pt x 174.389pt.
 [12 <./ah-transport.png> <./ah-tunnel.png> <./esp_header.png>]

LaTeX Warning: Command \textendash invalid in math mode on input line 116.


LaTeX Warning: Command \textendash invalid in math mode on input line 122.


LaTeX Warning: Command \textendash invalid in math mode on input line 123.


LaTeX Warning: Command \textendash invalid in math mode on input line 134.

<esp-transport.png, id=59, 1629.08624pt x 548.0475pt>
File: esp-transport.png Graphic file (type png)
<use esp-transport.png>
Package pdftex.def Info: esp-transport.png  used on input line 139.
(pdftex.def)             Requested size: 285.09436pt x 95.90974pt.
<esp-tunnel.png, id=60, 1869.98625pt x 548.0475pt>
File: esp-tunnel.png Graphic file (type png)
<use esp-tunnel.png>
Package pdftex.def Info: esp-tunnel.png  used on input line 144.
(pdftex.def)             Requested size: 327.2525pt x 95.90974pt.
[13 <./esp-transport.png>]

LaTeX Warning: Command \textendash invalid in math mode on input line 154.


LaTeX Warning: Command \textendash invalid in math mode on input line 155.


LaTeX Warning: Command \textendash invalid in math mode on input line 156.

<sadb_table.png, id=67, 2050.66125pt x 334.24875pt>
File: sadb_table.png Graphic file (type png)
<use sadb_table.png>
Package pdftex.def Info: sadb_table.png  used on input line 161.
(pdftex.def)             Requested size: 338.34451pt x 55.14865pt.

LaTeX Warning: Command \textendash invalid in math mode on input line 166.


LaTeX Warning: Command \textendash invalid in math mode on input line 167.


LaTeX Warning: Command \textendash invalid in math mode on input line 168.


LaTeX Warning: Command \textendash invalid in math mode on input line 169.

[14 <./esp-tunnel.png> <./sadb_table.png>]

LaTeX Warning: Command \textendash invalid in math mode on input line 175.


LaTeX Warning: Command \textendash invalid in math mode on input line 176.


LaTeX Warning: Command \textendash invalid in math mode on input line 177.


LaTeX Warning: Command \textendash invalid in math mode on input line 185.


LaTeX Warning: Command \textendash invalid in math mode on input line 186.


LaTeX Warning: Command \textendash invalid in math mode on input line 187.


LaTeX Warning: Command \textendash invalid in math mode on input line 191.


LaTeX Warning: Command \textendash invalid in math mode on input line 192.


LaTeX Warning: Command \textendash invalid in math mode on input line 196.


LaTeX Warning: Command \textendash invalid in math mode on input line 197.

[15]
<main.png, id=76, 1659.19875pt x 1297.84875pt>
File: main.png Graphic file (type png)
<use main.png>
Package pdftex.def Info: main.png  used on input line 205.
(pdftex.def)             Requested size: 315.25104pt x 246.59383pt.
<aggressive.png, id=77, 1839.87375pt x 1177.39874pt>
File: aggressive.png Graphic file (type png)
<use aggressive.png>
Package pdftex.def Info: aggressive.png  used on input line 211.
(pdftex.def)             Requested size: 349.57965pt x 223.70808pt.

Underfull \vbox (badness 10000) has occurred while \output is active []

 [16 <./main.png> <./aggressive.png>]
<summary.png, id=83, 1478.52374pt x 1207.51125pt>
File: summary.png Graphic file (type png)
<use summary.png>
Package pdftex.def Info: summary.png  used on input line 221.
(pdftex.def)             Requested size: 258.74553pt x 211.31763pt.
 [17 <./summary.png>] [18

]
Chapter 4.
[19] [20

]
Chapter 5.
[21] [22

]
Chapter 6.
[23] [24

]
Chapter 7.
[25] [26

]
Chapter 8.
[27] (./thesis.aux) ) 
Here is how much of TeX's memory you used:
 3744 strings out of 492649
 58327 string characters out of 6129622
 121757 words of memory out of 5000000
 7566 multiletter control sequences out of 15000+600000
 13562 words of font info for 51 fonts, out of 8000000 for 9000
 1141 hyphenation exceptions out of 8191
 41i,7n,39p,397b,325s stack positions out of 5000i,500n,10000p,200000b,80000s
</usr/local/texlive/2018/texmf-dist/fonts/type1/public/ams
fonts/cm/cmbx10.pfb></usr/local/texlive/2018/texmf-dist/fonts/type1/public/amsf
onts/cm/cmbx12.pfb></usr/local/texlive/2018/texmf-dist/fonts/type1/public/amsfo
nts/cm/cmr10.pfb></usr/local/texlive/2018/texmf-dist/fonts/type1/public/amsfont
s/cm/cmr12.pfb></usr/local/texlive/2018/texmf-dist/fonts/type1/public/amsfonts/
cm/cmr17.pfb></usr/local/texlive/2018/texmf-dist/fonts/type1/public/amsfonts/cm
/cmsl10.pfb></usr/local/texlive/2018/texmf-dist/fonts/type1/public/amsfonts/sym
bols/msam7.pfb>
Output written on thesis.pdf (27 pages, 657086 bytes).
PDF statistics:
 144 PDF objects out of 1000 (max. 8388607)
 83 compressed objects within 1 object stream
 0 named destinations out of 1000 (max. 500000)
 61 words of extra memory for PDF output out of 10000 (max. 10000000)

